<?xml version="1.0" encoding="UTF-8"?>
<testng-results skipped="0" failed="0" ignored="0" total="1" passed="1">
  <reporter-output>
  </reporter-output>
  <suite name="Default suite" duration-ms="20037" started-at="2020-12-06T19:16:41Z" finished-at="2020-12-06T19:17:01Z">
    <groups>
      <group name="cucumber">
        <method signature="AbstractTestNGCucumberTests.feature(cucumber.api.testng.CucumberFeatureWrapper)[pri:0, instance:com.Mrbool.testrunner.TestNGTestrunner$Testrunner@42dafa95]" name="feature" class="cucumber.api.testng.AbstractTestNGCucumberTests"/>
      </group> <!-- cucumber -->
    </groups>
    <test name="Default test" duration-ms="20037" started-at="2020-12-06T19:16:41Z" finished-at="2020-12-06T19:17:01Z">
      <class name="com.Mrbool.testrunner.TestNGTestrunner$Testrunner">
        <test-method status="PASS" signature="setUpClass()[pri:0, instance:com.Mrbool.testrunner.TestNGTestrunner$Testrunner@42dafa95]" name="setUpClass" is-config="true" duration-ms="185" started-at="2020-12-06T13:16:41Z" finished-at="2020-12-06T13:16:41Z">
          <reporter-output>
          </reporter-output>
        </test-method> <!-- setUpClass -->
        <test-method status="PASS" signature="feature(cucumber.api.testng.CucumberFeatureWrapper)[pri:0, instance:com.Mrbool.testrunner.TestNGTestrunner$Testrunner@42dafa95]" name="feature" duration-ms="19766" started-at="2020-12-06T13:16:41Z" description="Runs Cucumber Feature" data-provider="features" finished-at="2020-12-06T13:17:01Z">
          <params>
            <param index="0">
              <value>
                <![CDATA[courses MrBool]]>
              </value>
            </param>
          </params>
          <reporter-output>
          </reporter-output>
        </test-method> <!-- feature -->
        <test-method status="PASS" signature="tearDownClass()[pri:0, instance:com.Mrbool.testrunner.TestNGTestrunner$Testrunner@42dafa95]" name="tearDownClass" is-config="true" duration-ms="3" started-at="2020-12-06T13:17:01Z" finished-at="2020-12-06T13:17:01Z">
          <reporter-output>
          </reporter-output>
        </test-method> <!-- tearDownClass -->
      </class> <!-- com.Mrbool.testrunner.TestNGTestrunner$Testrunner -->
    </test> <!-- Default test -->
  </suite> <!-- Default suite -->
</testng-results>
