<?xml version="1.0" encoding="UTF-8"?>
<testng-results skipped="0" failed="0" ignored="0" total="1" passed="1">
  <reporter-output>
  </reporter-output>
  <suite name="Default suite" duration-ms="16454" started-at="2020-12-22T02:42:49Z" finished-at="2020-12-22T02:43:05Z">
    <groups>
      <group name="cucumber">
        <method signature="AbstractTestNGCucumberTests.feature(cucumber.api.testng.CucumberFeatureWrapper)[pri:0, instance:com.Mrbool.testrunner.TestNGTestrunner$Testrunner@42dafa95]" name="feature" class="cucumber.api.testng.AbstractTestNGCucumberTests"/>
      </group> <!-- cucumber -->
    </groups>
    <test name="Default test" duration-ms="16454" started-at="2020-12-22T02:42:49Z" finished-at="2020-12-22T02:43:05Z">
      <class name="com.Mrbool.testrunner.TestNGTestrunner$Testrunner">
        <test-method status="PASS" signature="setUpClass()[pri:0, instance:com.Mrbool.testrunner.TestNGTestrunner$Testrunner@42dafa95]" name="setUpClass" is-config="true" duration-ms="247" started-at="2020-12-21T20:42:49Z" finished-at="2020-12-21T20:42:49Z">
          <reporter-output>
          </reporter-output>
        </test-method> <!-- setUpClass -->
        <test-method status="PASS" signature="feature(cucumber.api.testng.CucumberFeatureWrapper)[pri:0, instance:com.Mrbool.testrunner.TestNGTestrunner$Testrunner@42dafa95]" name="feature" duration-ms="16114" started-at="2020-12-21T20:42:49Z" description="Runs Cucumber Feature" data-provider="features" finished-at="2020-12-21T20:43:05Z">
          <params>
            <param index="0">
              <value>
                <![CDATA[courses MrBool]]>
              </value>
            </param>
          </params>
          <reporter-output>
          </reporter-output>
        </test-method> <!-- feature -->
        <test-method status="PASS" signature="tearDownClass()[pri:0, instance:com.Mrbool.testrunner.TestNGTestrunner$Testrunner@42dafa95]" name="tearDownClass" is-config="true" duration-ms="4" started-at="2020-12-21T20:43:05Z" finished-at="2020-12-21T20:43:05Z">
          <reporter-output>
          </reporter-output>
        </test-method> <!-- tearDownClass -->
      </class> <!-- com.Mrbool.testrunner.TestNGTestrunner$Testrunner -->
    </test> <!-- Default test -->
  </suite> <!-- Default suite -->
</testng-results>
